2015-06-28 02:18:09.561 [NotebookApp] Using existing profile dir: u'/data1/tools/dataiku-dss-2.0.1/ipython/ipython-dir/profile_default'
2015-06-28 02:18:09.563 [NotebookApp] WARNING | base_project_url is deprecated, use base_url
2015-06-28 02:18:09.598 [NotebookApp] Serving notebooks from local directory: /data4/yc/dataiku/config/ipython_notebooks
2015-06-28 02:18:09.598 [NotebookApp] 0 active kernels 
2015-06-28 02:18:09.598 [NotebookApp] The IPython Notebook is running at: http://127.0.0.1:10002/notes/
2015-06-28 02:18:09.598 [NotebookApp] Use Control-C to stop this server and shut down all kernels (twice to skip confirmation).
2015-06-28 02:34:22.870 [NotebookApp] Authentifying request for /notes/notebooks/LEARN/admin's%20python%20notebook.ipynb
2015-06-28 02:34:22.872 [NotebookApp] Request about notebook LEARN
2015-06-28 02:34:22.872 [NotebookApp] Access allowed for admin
2015-06-28 02:34:22.872 [NotebookApp] Authentifying request for /notes/notebooks/LEARN/admin's%20python%20notebook.ipynb
2015-06-28 02:34:22.873 [NotebookApp] Request about notebook LEARN
2015-06-28 02:34:22.873 [NotebookApp] Access allowed for admin
2015-06-28 02:34:23.748 [NotebookApp] Authentifying request for /notes/api/notebooks/LEARN/admin's%20python%20notebook.ipynb?_=1435430722591
2015-06-28 02:34:23.749 [NotebookApp] Request about notebook LEARN
2015-06-28 02:34:23.749 [NotebookApp] Access allowed for admin
2015-06-28 02:34:23.751 [NotebookApp] WARNING | Notebook LEARN/admin's python notebook.ipynb is not trusted
2015-06-28 02:34:23.879 [NotebookApp] Authentifying request for /notes/api/sessions
2015-06-28 02:34:23.880 [NotebookApp] Access allowed for admin
Loading specific config
2015-06-28 02:34:23.910 [NotebookApp] Kernel started: 6ca5e50f-1fa0-4f13-8350-b8fdd373fa31
2015-06-28 02:34:23.914 [NotebookApp] Authentifying request for /notes/api/notebooks/LEARN/admin's%20python%20notebook.ipynb/checkpoints
2015-06-28 02:34:23.915 [NotebookApp] Request about notebook LEARN
2015-06-28 02:34:23.915 [NotebookApp] Access allowed for admin
2015-06-28 02:34:23.951 [NotebookApp] Authentifying request for /notes/api/kernels/6ca5e50f-1fa0-4f13-8350-b8fdd373fa31/shell
2015-06-28 02:34:23.952 [NotebookApp] Access allowed for admin
2015-06-28 02:34:23.965 [NotebookApp] Authentifying request for /notes/api/kernels/6ca5e50f-1fa0-4f13-8350-b8fdd373fa31/stdin
2015-06-28 02:34:23.965 [NotebookApp] Access allowed for admin
2015-06-28 02:34:23.979 [NotebookApp] Authentifying request for /notes/api/kernels/6ca5e50f-1fa0-4f13-8350-b8fdd373fa31/iopub
2015-06-28 02:34:23.980 [NotebookApp] Access allowed for admin
Loading specific config
2015-06-28 02:34:55.512 [NotebookApp] Authentifying request for /notes/api/notebooks/LEARN/admin's%20python%20notebook.ipynb
2015-06-28 02:34:55.513 [NotebookApp] Request about notebook LEARN
2015-06-28 02:34:55.514 [NotebookApp] Access allowed for admin
2015-06-28 02:34:55.514 [NotebookApp] Saving notebook at /LEARN/admin's python notebook.ipynb
2015-06-28 02:34:55.516 [NotebookApp] Writing notebook-signing key to /data1/tools/dataiku-dss-2.0.1/ipython/ipython-dir/profile_default/security/notebook_secret
2015-06-28 02:34:55.536 [NotebookApp] Authentifying request for /notes/api/notebooks/LEARN/admin's%20python%20notebook.ipynb/checkpoints
2015-06-28 02:34:55.537 [NotebookApp] Request about notebook LEARN
2015-06-28 02:34:55.537 [NotebookApp] Access allowed for admin
2015-06-28 02:35:27.259 [NotebookApp] Authentifying request for /notes/api/sessions
2015-06-28 02:35:27.259 [NotebookApp] Checking shared secret: vgiyQshF6tVC4mWBMkZy0PPTCII0vP8iR1IxT5YJpYjaO31nHjgfgh5OWr1l7V5R
2015-06-28 02:35:28.266 [NotebookApp] Authentifying request for /notes/api/sessions
2015-06-28 02:35:28.266 [NotebookApp] Checking shared secret: vgiyQshF6tVC4mWBMkZy0PPTCII0vP8iR1IxT5YJpYjaO31nHjgfgh5OWr1l7V5R
2015-06-28 02:36:08.660 [NotebookApp] Authentifying request for /notes/api/sessions
2015-06-28 02:36:08.660 [NotebookApp] Checking shared secret: vgiyQshF6tVC4mWBMkZy0PPTCII0vP8iR1IxT5YJpYjaO31nHjgfgh5OWr1l7V5R
2015-06-28 02:36:34.373 [NotebookApp] Authentifying request for /notes/notebooks/LEARN/admin's%20python%20notebook_1.ipynb
2015-06-28 02:36:34.375 [NotebookApp] Request about notebook LEARN
2015-06-28 02:36:34.375 [NotebookApp] Access allowed for admin
2015-06-28 02:36:34.375 [NotebookApp] Authentifying request for /notes/notebooks/LEARN/admin's%20python%20notebook_1.ipynb
2015-06-28 02:36:34.376 [NotebookApp] Request about notebook LEARN
2015-06-28 02:36:34.376 [NotebookApp] Access allowed for admin
2015-06-28 02:36:34.846 [NotebookApp] Authentifying request for /notes/api/notebooks/LEARN/admin's%20python%20notebook_1.ipynb?_=1435430853845
2015-06-28 02:36:34.846 [NotebookApp] Request about notebook LEARN
2015-06-28 02:36:34.847 [NotebookApp] Access allowed for admin
2015-06-28 02:36:34.848 [NotebookApp] WARNING | Notebook LEARN/admin's python notebook_1.ipynb is not trusted
2015-06-28 02:36:34.948 [NotebookApp] Authentifying request for /notes/api/sessions
2015-06-28 02:36:34.949 [NotebookApp] Access allowed for admin
2015-06-28 02:36:34.965 [NotebookApp] Kernel started: e995a014-23a6-4df0-b350-ba9f94ee5ebb
2015-06-28 02:36:34.970 [NotebookApp] Authentifying request for /notes/api/notebooks/LEARN/admin's%20python%20notebook_1.ipynb/checkpoints
2015-06-28 02:36:34.972 [NotebookApp] Request about notebook LEARN
2015-06-28 02:36:34.972 [NotebookApp] Access allowed for admin
2015-06-28 02:36:34.985 [NotebookApp] Authentifying request for /notes/api/kernels/e995a014-23a6-4df0-b350-ba9f94ee5ebb/shell
2015-06-28 02:36:34.986 [NotebookApp] Access allowed for admin
2015-06-28 02:36:34.997 [NotebookApp] Authentifying request for /notes/api/kernels/e995a014-23a6-4df0-b350-ba9f94ee5ebb/stdin
2015-06-28 02:36:34.997 [NotebookApp] Access allowed for admin
2015-06-28 02:36:35.013 [NotebookApp] Authentifying request for /notes/api/kernels/e995a014-23a6-4df0-b350-ba9f94ee5ebb/iopub
2015-06-28 02:36:35.014 [NotebookApp] Access allowed for admin
Loading specific config
2015-06-28 02:36:38.072 [NotebookApp] Authentifying request for /notes/api/sessions/46bb5b2d-e831-4ba3-a3b9-0039d1dee132
2015-06-28 02:36:38.073 [NotebookApp] Access allowed for admin
2015-06-28 02:36:38.476 [NotebookApp] Kernel shutdown: e995a014-23a6-4df0-b350-ba9f94ee5ebb
2015-06-28 02:36:40.046 [NotebookApp] Authentifying request for /notes/api/sessions
2015-06-28 02:36:40.047 [NotebookApp] Checking shared secret: vgiyQshF6tVC4mWBMkZy0PPTCII0vP8iR1IxT5YJpYjaO31nHjgfgh5OWr1l7V5R
2015-06-28 02:36:53.239 [NotebookApp] Authentifying request for /notes/api/sessions
2015-06-28 02:36:53.239 [NotebookApp] Checking shared secret: vgiyQshF6tVC4mWBMkZy0PPTCII0vP8iR1IxT5YJpYjaO31nHjgfgh5OWr1l7V5R
2015-06-28 02:36:56.863 [NotebookApp] Authentifying request for /notes/notebooks/LEARN/admin's%20python%20notebook.ipynb
2015-06-28 02:36:56.864 [NotebookApp] Request about notebook LEARN
2015-06-28 02:36:56.864 [NotebookApp] Access allowed for admin
2015-06-28 02:36:56.864 [NotebookApp] Authentifying request for /notes/notebooks/LEARN/admin's%20python%20notebook.ipynb
2015-06-28 02:36:56.865 [NotebookApp] Request about notebook LEARN
2015-06-28 02:36:56.865 [NotebookApp] Access allowed for admin
2015-06-28 02:36:57.225 [NotebookApp] Authentifying request for /notes/api/notebooks/LEARN/admin's%20python%20notebook.ipynb?_=1435430876371
2015-06-28 02:36:57.226 [NotebookApp] Request about notebook LEARN
2015-06-28 02:36:57.226 [NotebookApp] Access allowed for admin
2015-06-28 02:36:57.228 [NotebookApp] WARNING | Notebook LEARN/admin's python notebook.ipynb is not trusted
2015-06-28 02:36:57.362 [NotebookApp] Authentifying request for /notes/api/sessions
2015-06-28 02:36:57.363 [NotebookApp] Access allowed for admin
2015-06-28 02:36:57.365 [NotebookApp] Authentifying request for /notes/api/notebooks/LEARN/admin's%20python%20notebook.ipynb/checkpoints
2015-06-28 02:36:57.366 [NotebookApp] Request about notebook LEARN
2015-06-28 02:36:57.366 [NotebookApp] Access allowed for admin
2015-06-28 02:36:57.403 [NotebookApp] Authentifying request for /notes/api/kernels/6ca5e50f-1fa0-4f13-8350-b8fdd373fa31/shell
2015-06-28 02:36:57.404 [NotebookApp] Access allowed for admin
2015-06-28 02:36:57.416 [NotebookApp] Authentifying request for /notes/api/kernels/6ca5e50f-1fa0-4f13-8350-b8fdd373fa31/stdin
2015-06-28 02:36:57.417 [NotebookApp] Access allowed for admin
2015-06-28 02:36:57.433 [NotebookApp] Authentifying request for /notes/api/kernels/6ca5e50f-1fa0-4f13-8350-b8fdd373fa31/iopub
2015-06-28 02:36:57.434 [NotebookApp] Access allowed for admin
2015-06-28 02:36:59.141 [NotebookApp] Authentifying request for /notes/api/notebooks/LEARN/admin's%20python%20notebook.ipynb
2015-06-28 02:36:59.142 [NotebookApp] Request about notebook LEARN
2015-06-28 02:36:59.142 [NotebookApp] Access allowed for admin
2015-06-28 02:36:59.143 [NotebookApp] Saving notebook at /LEARN/admin's python notebook.ipynb
2015-06-28 02:36:59.158 [NotebookApp] Authentifying request for /notes/api/notebooks/LEARN/admin's%20python%20notebook.ipynb/checkpoints
2015-06-28 02:36:59.159 [NotebookApp] Request about notebook LEARN
2015-06-28 02:36:59.160 [NotebookApp] Access allowed for admin
2015-06-28 02:37:00.672 [NotebookApp] Authentifying request for /notes/api/sessions/00ea0cff-8d4b-472f-bd5d-5783785bf37d
2015-06-28 02:37:00.673 [NotebookApp] Access allowed for admin
2015-06-28 02:37:01.176 [NotebookApp] Kernel shutdown: 6ca5e50f-1fa0-4f13-8350-b8fdd373fa31
2015-06-28 02:37:02.501 [NotebookApp] Authentifying request for /notes/api/sessions
2015-06-28 02:37:02.501 [NotebookApp] Checking shared secret: vgiyQshF6tVC4mWBMkZy0PPTCII0vP8iR1IxT5YJpYjaO31nHjgfgh5OWr1l7V5R
2015-06-28 02:37:41.792 [NotebookApp] Authentifying request for /notes/api/sessions
2015-06-28 02:37:41.793 [NotebookApp] Checking shared secret: vgiyQshF6tVC4mWBMkZy0PPTCII0vP8iR1IxT5YJpYjaO31nHjgfgh5OWr1l7V5R
2015-06-28 02:37:59.804 [NotebookApp] Authentifying request for /notes/api/sessions
2015-06-28 02:37:59.805 [NotebookApp] Checking shared secret: vgiyQshF6tVC4mWBMkZy0PPTCII0vP8iR1IxT5YJpYjaO31nHjgfgh5OWr1l7V5R
2015-06-28 02:39:08.551 [NotebookApp] Authentifying request for /notes/api/sessions
2015-06-28 02:39:08.552 [NotebookApp] Checking shared secret: vgiyQshF6tVC4mWBMkZy0PPTCII0vP8iR1IxT5YJpYjaO31nHjgfgh5OWr1l7V5R
2015-06-28 02:41:00.027 [NotebookApp] Authentifying request for /notes/api/sessions
2015-06-28 02:41:00.028 [NotebookApp] Checking shared secret: vgiyQshF6tVC4mWBMkZy0PPTCII0vP8iR1IxT5YJpYjaO31nHjgfgh5OWr1l7V5R
2015-06-28 02:42:47.183 [NotebookApp] Authentifying request for /notes/api/sessions
2015-06-28 02:42:47.183 [NotebookApp] Checking shared secret: vgiyQshF6tVC4mWBMkZy0PPTCII0vP8iR1IxT5YJpYjaO31nHjgfgh5OWr1l7V5R
2015-06-28 02:42:49.125 [NotebookApp] Authentifying request for /notes/notebooks/LEARN/hello_wo.ipynb
2015-06-28 02:42:49.126 [NotebookApp] Request about notebook LEARN
2015-06-28 02:42:49.127 [NotebookApp] Access allowed for admin
2015-06-28 02:42:49.127 [NotebookApp] Authentifying request for /notes/notebooks/LEARN/hello_wo.ipynb
2015-06-28 02:42:49.127 [NotebookApp] Request about notebook LEARN
2015-06-28 02:42:49.128 [NotebookApp] Access allowed for admin
2015-06-28 02:42:49.706 [NotebookApp] Authentifying request for /notes/api/notebooks/LEARN/hello_wo.ipynb?_=1435431228657
2015-06-28 02:42:49.707 [NotebookApp] Request about notebook LEARN
2015-06-28 02:42:49.707 [NotebookApp] Access allowed for admin
2015-06-28 02:42:49.764 [NotebookApp] WARNING | Notebook LEARN/hello_wo.ipynb is not trusted
2015-06-28 02:42:50.649 [NotebookApp] Authentifying request for /notes/api/sessions
2015-06-28 02:42:50.650 [NotebookApp] Access allowed for admin
2015-06-28 02:42:50.666 [NotebookApp] Kernel started: 71b51562-3b4f-4ac4-8142-57af70ef669c
2015-06-28 02:42:50.670 [NotebookApp] Authentifying request for /notes/api/notebooks/LEARN/hello_wo.ipynb/checkpoints
2015-06-28 02:42:50.672 [NotebookApp] Request about notebook LEARN
2015-06-28 02:42:50.672 [NotebookApp] Access allowed for admin
2015-06-28 02:42:50.769 [NotebookApp] Authentifying request for /notes/api/kernels/71b51562-3b4f-4ac4-8142-57af70ef669c/shell
2015-06-28 02:42:50.769 [NotebookApp] Access allowed for admin
2015-06-28 02:42:50.775 [NotebookApp] Authentifying request for /notes/api/kernels/71b51562-3b4f-4ac4-8142-57af70ef669c/stdin
2015-06-28 02:42:50.775 [NotebookApp] Access allowed for admin
2015-06-28 02:42:50.778 [NotebookApp] Authentifying request for /notes/api/kernels/71b51562-3b4f-4ac4-8142-57af70ef669c/iopub
2015-06-28 02:42:50.778 [NotebookApp] Access allowed for admin
Loading specific config
2015-06-28 02:44:55.391 [NotebookApp] Authentifying request for /notes/api/notebooks/LEARN/hello_wo.ipynb
2015-06-28 02:44:55.392 [NotebookApp] Request about notebook LEARN
2015-06-28 02:44:55.392 [NotebookApp] Access allowed for admin
2015-06-28 02:44:55.394 [NotebookApp] Saving notebook at /LEARN/hello_wo.ipynb
2015-06-28 02:45:24.977 [NotebookApp] Authentifying request for /notes/api/kernels/71b51562-3b4f-4ac4-8142-57af70ef669c/interrupt
2015-06-28 02:45:24.978 [NotebookApp] Access allowed for admin
2015-06-28 02:45:24.978 [NotebookApp] Kernel interrupted: 71b51562-3b4f-4ac4-8142-57af70ef669c
2015-06-28 02:45:28.186 [NotebookApp] Authentifying request for /notes/api/kernels/71b51562-3b4f-4ac4-8142-57af70ef669c/interrupt
2015-06-28 02:45:28.187 [NotebookApp] Access allowed for admin
2015-06-28 02:45:28.188 [NotebookApp] Kernel interrupted: 71b51562-3b4f-4ac4-8142-57af70ef669c
2015-06-28 12:21:49.216 [NotebookApp] Authentifying request for /notes/api/sessions
2015-06-28 12:21:49.216 [NotebookApp] Checking shared secret: vgiyQshF6tVC4mWBMkZy0PPTCII0vP8iR1IxT5YJpYjaO31nHjgfgh5OWr1l7V5R
2015-06-28 12:21:51.913 [NotebookApp] Authentifying request for /notes/notebooks/LEARN/hello_wo.ipynb
2015-06-28 12:21:51.914 [NotebookApp] Request about notebook LEARN
2015-06-28 12:21:51.914 [NotebookApp] Access allowed for admin
2015-06-28 12:21:51.914 [NotebookApp] Authentifying request for /notes/notebooks/LEARN/hello_wo.ipynb
2015-06-28 12:21:51.915 [NotebookApp] Request about notebook LEARN
2015-06-28 12:21:51.915 [NotebookApp] Access allowed for admin
2015-06-28 12:21:52.645 [NotebookApp] Authentifying request for /notes/api/notebooks/LEARN/hello_wo.ipynb?_=1435465972194
2015-06-28 12:21:52.645 [NotebookApp] Request about notebook LEARN
2015-06-28 12:21:52.646 [NotebookApp] Access allowed for admin
2015-06-28 12:21:54.750 [NotebookApp] Authentifying request for /notes/api/sessions
2015-06-28 12:21:54.751 [NotebookApp] Access allowed for admin
2015-06-28 12:21:54.758 [NotebookApp] Authentifying request for /notes/api/notebooks/LEARN/hello_wo.ipynb/checkpoints
2015-06-28 12:21:54.759 [NotebookApp] Request about notebook LEARN
2015-06-28 12:21:54.760 [NotebookApp] Access allowed for admin
2015-06-28 12:21:54.813 [NotebookApp] Authentifying request for /notes/api/kernels/71b51562-3b4f-4ac4-8142-57af70ef669c/stdin
2015-06-28 12:21:54.813 [NotebookApp] Access allowed for admin
2015-06-28 12:21:54.815 [NotebookApp] Authentifying request for /notes/api/kernels/71b51562-3b4f-4ac4-8142-57af70ef669c/shell
2015-06-28 12:21:54.815 [NotebookApp] Access allowed for admin
2015-06-28 12:21:54.831 [NotebookApp] Authentifying request for /notes/api/kernels/71b51562-3b4f-4ac4-8142-57af70ef669c/iopub
2015-06-28 12:21:54.832 [NotebookApp] Access allowed for admin
2015-06-28 12:23:56.609 [NotebookApp] Authentifying request for /notes/api/notebooks/LEARN/hello_wo.ipynb
2015-06-28 12:23:56.610 [NotebookApp] Request about notebook LEARN
2015-06-28 12:23:56.611 [NotebookApp] Access allowed for admin
2015-06-28 12:23:56.613 [NotebookApp] Saving notebook at /LEARN/hello_wo.ipynb
2015-06-28 12:27:56.600 [NotebookApp] Authentifying request for /notes/api/notebooks/LEARN/hello_wo.ipynb
2015-06-28 12:27:56.601 [NotebookApp] Request about notebook LEARN
2015-06-28 12:27:56.601 [NotebookApp] Access allowed for admin
2015-06-28 12:27:56.602 [NotebookApp] Saving notebook at /LEARN/hello_wo.ipynb
2015-06-28 12:28:37.465 [NotebookApp] Authentifying request for /notes/api/notebooks/LEARN/hello_wo.ipynb
2015-06-28 12:28:37.466 [NotebookApp] Request about notebook LEARN
2015-06-28 12:28:37.466 [NotebookApp] Access allowed for admin
2015-06-28 12:28:37.469 [NotebookApp] Saving notebook at /LEARN/hello_wo.ipynb
2015-06-28 12:28:37.501 [NotebookApp] Authentifying request for /notes/api/notebooks/LEARN/hello_wo.ipynb/checkpoints
2015-06-28 12:28:37.501 [NotebookApp] Request about notebook LEARN
2015-06-28 12:28:37.502 [NotebookApp] Access allowed for admin
2015-06-28 12:28:42.186 [NotebookApp] Authentifying request for /notes/api/sessions/7caded6d-b258-474f-af06-e29e6caa9f82
2015-06-28 12:28:42.187 [NotebookApp] Access allowed for admin
2015-06-28 12:28:42.690 [NotebookApp] Kernel shutdown: 71b51562-3b4f-4ac4-8142-57af70ef669c
2015-06-28 12:28:44.086 [NotebookApp] Authentifying request for /notes/api/sessions
2015-06-28 12:28:44.086 [NotebookApp] Checking shared secret: vgiyQshF6tVC4mWBMkZy0PPTCII0vP8iR1IxT5YJpYjaO31nHjgfgh5OWr1l7V5R
2015-06-28 12:29:06.601 [NotebookApp] Authentifying request for /notes/api/sessions
2015-06-28 12:29:06.601 [NotebookApp] Checking shared secret: vgiyQshF6tVC4mWBMkZy0PPTCII0vP8iR1IxT5YJpYjaO31nHjgfgh5OWr1l7V5R
2015-06-28 12:29:43.328 [NotebookApp] Authentifying request for /notes/api/sessions
2015-06-28 12:29:43.329 [NotebookApp] Checking shared secret: vgiyQshF6tVC4mWBMkZy0PPTCII0vP8iR1IxT5YJpYjaO31nHjgfgh5OWr1l7V5R
2015-06-28 12:34:16.092 [NotebookApp] Authentifying request for /notes/api/sessions
2015-06-28 12:34:16.093 [NotebookApp] Checking shared secret: vgiyQshF6tVC4mWBMkZy0PPTCII0vP8iR1IxT5YJpYjaO31nHjgfgh5OWr1l7V5R
2015-06-28 12:34:32.292 [NotebookApp] Authentifying request for /notes/api/sessions
2015-06-28 12:34:32.293 [NotebookApp] Checking shared secret: vgiyQshF6tVC4mWBMkZy0PPTCII0vP8iR1IxT5YJpYjaO31nHjgfgh5OWr1l7V5R
2015-06-28 12:34:34.388 [NotebookApp] Authentifying request for /notes/api/sessions
2015-06-28 12:34:34.389 [NotebookApp] Checking shared secret: vgiyQshF6tVC4mWBMkZy0PPTCII0vP8iR1IxT5YJpYjaO31nHjgfgh5OWr1l7V5R
2015-06-28 12:36:02.443 [NotebookApp] Authentifying request for /notes/api/sessions
2015-06-28 12:36:02.444 [NotebookApp] Checking shared secret: vgiyQshF6tVC4mWBMkZy0PPTCII0vP8iR1IxT5YJpYjaO31nHjgfgh5OWr1l7V5R
2015-06-28 12:36:08.130 [NotebookApp] Authentifying request for /notes/api/sessions
2015-06-28 12:36:08.130 [NotebookApp] Checking shared secret: vgiyQshF6tVC4mWBMkZy0PPTCII0vP8iR1IxT5YJpYjaO31nHjgfgh5OWr1l7V5R
2015-06-28 12:37:46.652 [NotebookApp] Authentifying request for /notes/api/sessions
2015-06-28 12:37:46.653 [NotebookApp] Checking shared secret: vgiyQshF6tVC4mWBMkZy0PPTCII0vP8iR1IxT5YJpYjaO31nHjgfgh5OWr1l7V5R
2015-06-28 12:38:26.467 [NotebookApp] Authentifying request for /notes/api/sessions
2015-06-28 12:38:26.467 [NotebookApp] Checking shared secret: vgiyQshF6tVC4mWBMkZy0PPTCII0vP8iR1IxT5YJpYjaO31nHjgfgh5OWr1l7V5R
2015-06-28 12:38:29.167 [NotebookApp] Authentifying request for /notes/notebooks/LEARN/Lab_HW4.ipynb
2015-06-28 12:38:29.168 [NotebookApp] Request about notebook LEARN
2015-06-28 12:38:29.168 [NotebookApp] Access allowed for admin
2015-06-28 12:38:29.169 [NotebookApp] Authentifying request for /notes/notebooks/LEARN/Lab_HW4.ipynb
2015-06-28 12:38:29.169 [NotebookApp] Request about notebook LEARN
2015-06-28 12:38:29.169 [NotebookApp] Access allowed for admin
2015-06-28 12:38:30.194 [NotebookApp] Authentifying request for /notes/api/notebooks/LEARN/Lab_HW4.ipynb?_=1435466969490
2015-06-28 12:38:30.195 [NotebookApp] Request about notebook LEARN
2015-06-28 12:38:30.195 [NotebookApp] Access allowed for admin
2015-06-28 12:38:30.211 [NotebookApp] WARNING | Notebook LEARN/Lab_HW4.ipynb is not trusted
2015-06-28 12:38:31.268 [NotebookApp] Authentifying request for /notes/api/sessions
2015-06-28 12:38:31.269 [NotebookApp] Access allowed for admin
2015-06-28 12:38:31.285 [NotebookApp] Kernel started: 8ce83b01-cefa-4881-b9f3-713f4789f84b
2015-06-28 12:38:31.290 [NotebookApp] Authentifying request for /notes/api/notebooks/LEARN/Lab_HW4.ipynb/checkpoints
2015-06-28 12:38:31.291 [NotebookApp] Request about notebook LEARN
2015-06-28 12:38:31.291 [NotebookApp] Access allowed for admin
2015-06-28 12:38:31.394 [NotebookApp] Authentifying request for /notes/api/kernels/8ce83b01-cefa-4881-b9f3-713f4789f84b/shell
2015-06-28 12:38:31.395 [NotebookApp] Access allowed for admin
2015-06-28 12:38:31.403 [NotebookApp] Authentifying request for /notes/api/kernels/8ce83b01-cefa-4881-b9f3-713f4789f84b/stdin
2015-06-28 12:38:31.404 [NotebookApp] Access allowed for admin
2015-06-28 12:38:31.406 [NotebookApp] Authentifying request for /notes/api/kernels/8ce83b01-cefa-4881-b9f3-713f4789f84b/iopub
2015-06-28 12:38:31.406 [NotebookApp] Access allowed for admin
Loading specific config
2015-07-01 02:22:41.848 [NotebookApp] Authentifying request for /notes/api/sessions
2015-07-01 02:22:41.849 [NotebookApp] Checking shared secret: vgiyQshF6tVC4mWBMkZy0PPTCII0vP8iR1IxT5YJpYjaO31nHjgfgh5OWr1l7V5R
2015-09-11 09:20:17.587 [NotebookApp] CRITICAL | received signal 15, stopping
2015-09-11 09:20:17.596 [NotebookApp] Shutting down kernels
2015-09-11 09:20:17.636 [NotebookApp] Kernel shutdown: 8ce83b01-cefa-4881-b9f3-713f4789f84b
Adding env to Kernel : DKU_CURRENT_PROJECT_KEY = LEARN
Adding env to Kernel : DKU_CURRENT_PROJECT_KEY = LEARN
Adding env to Kernel : DKU_CURRENT_PROJECT_KEY = LEARN
Adding env to Kernel : DKU_CURRENT_PROJECT_KEY = LEARN
